This file contains any messages produced by compilers while
running configure, to aid debugging if configure makes a mistake.

It was created by sqlite configure 3.44.2, which was
generated by GNU Autoconf 2.71.  Invocation command line was

  $ /Users/sakamoto.kei/workspace/OpenRule1umPDK_setupEDA/tcl8.6.14/pkgs/sqlite3.44.2/configure --with-tcl=../.. --with-tclinclude=/Users/sakamoto.kei/workspace/OpenRule1umPDK_setupEDA/tcl8.6.14/generic CPPFLAGS=-I/opt/homebrew/opt/mysql@5.7/include LDFLAGS=-L/opt/homebrew/opt/mysql@5.7/lib --libdir=/usr/local/lib --enable-shared --enable-threads

## --------- ##
## Platform. ##
## --------- ##

hostname = mf-0849-mm03
uname -m = arm64
uname -r = 22.6.0
uname -s = Darwin
uname -v = Darwin Kernel Version 22.6.0: Mon Apr 22 20:49:37 PDT 2024; root:xnu-8796.141.3.705.2~1/RELEASE_ARM64_T6000

/usr/bin/uname -p = arm
/bin/uname -X     = unknown

/bin/arch              = unknown
/usr/bin/arch -k       = unknown
/usr/convex/getsysinfo = unknown
/usr/bin/hostinfo      = Mach kernel version:
	 Darwin Kernel Version 22.6.0: Mon Apr 22 20:49:37 PDT 2024; root:xnu-8796.141.3.705.2~1/RELEASE_ARM64_T6000
Kernel configured for up to 8 processors.
8 processors are physically available.
8 processors are logically available.
Processor type: arm64e (ARM64E)
Processors active: 0 1 2 3 4 5 6 7
Primary memory available: 32.00 gigabytes
Default processor set: 598 tasks, 3419 threads, 8 processors
Load average: 7.56, Mach factor: 1.60
/bin/machine           = unknown
/usr/bin/oslevel       = unknown
/bin/universe          = unknown

PATH: /Users/sakamoto.kei/.goenv/versions/1.22.3/bin/
PATH: /Users/sakamoto.kei/go/bin/
PATH: /Users/sakamoto.kei/go/1.22.3/bin/
PATH: /Users/sakamoto.kei/.goenv/versions/1.22.3/bin/
PATH: /Users/sakamoto.kei/.goenv/bin/
PATH: /Users/sakamoto.kei/.sdkman/candidates/java/current/bin/
PATH: /opt/homebrew/opt/openssl@3/bin/
PATH: /opt/homebrew/opt/openssl@3/bin/
PATH: /opt/homebrew/opt/node@16/bin/
PATH: /opt/homebrew/opt/redis@6.2/bin/
PATH: /opt/homebrew/opt/mysql@5.7/bin/
PATH: /usr/local/sbin/
PATH: /Users/sakamoto.kei/.rbenv/shims/
PATH: /Users/sakamoto.kei/.rbenv/bin/
PATH: /Users/sakamoto.kei/.nvm/versions/node/v12.22.7/bin/
PATH: /opt/homebrew/bin/
PATH: /usr/local/bin/
PATH: /System/Cryptexes/App/usr/bin/
PATH: /usr/bin/
PATH: /bin/
PATH: /usr/sbin/
PATH: /sbin/
PATH: /usr/local/go/bin/
PATH: /var/run/com.apple.security.cryptexd/codex.system/bootstrap/usr/local/bin/
PATH: /var/run/com.apple.security.cryptexd/codex.system/bootstrap/usr/bin/
PATH: /var/run/com.apple.security.cryptexd/codex.system/bootstrap/usr/appleinternal/bin/
PATH: /Users/sakamoto.kei/.cargo/bin/
PATH: /Users/sakamoto.kei/.orbstack/bin/
PATH: /Users/sakamoto.kei/.goenv/shims/
PATH: /Users/sakamoto.kei/go/1.22.3/bin/
PATH: /opt/homebrew/bin/


## ----------- ##
## Core tests. ##
## ----------- ##

configure:2519: checking TEA configuration
configure:2525: result: ok (TEA 3.13)
configure:2611: configuring sqlite 3.44.2
configure:2643: checking system version
configure:2670: result: Darwin-22.6.0
configure:2719: checking for Tcl configuration
configure:2852: result: found /Users/sakamoto.kei/workspace/OpenRule1umPDK_setupEDA/tcl8.6.14/unix/tclConfig.sh
configure:2919: checking for gcc
configure:2940: found /usr/bin/gcc
configure:2951: result: gcc
configure:3304: checking for C compiler version
configure:3313: gcc --version >&5
Apple clang version 14.0.0 (clang-1400.0.29.202)
Target: arm64-apple-darwin22.6.0
Thread model: posix
InstalledDir: /Applications/Xcode.app/Contents/Developer/Toolchains/XcodeDefault.xctoolchain/usr/bin
configure:3324: $? = 0
configure:3313: gcc -v >&5
Apple clang version 14.0.0 (clang-1400.0.29.202)
Target: arm64-apple-darwin22.6.0
Thread model: posix
InstalledDir: /Applications/Xcode.app/Contents/Developer/Toolchains/XcodeDefault.xctoolchain/usr/bin
configure:3324: $? = 0
configure:3313: gcc -V >&5
clang: error: argument to '-V' is missing (expected 1 value)
clang: error: no input files
configure:3324: $? = 1
configure:3313: gcc -qversion >&5
clang: error: unknown argument '-qversion'; did you mean '--version'?
clang: error: no input files
configure:3324: $? = 1
configure:3313: gcc -version >&5
clang: error: unknown argument '-version'; did you mean '--version'?
clang: error: no input files
configure:3324: $? = 1
configure:3344: checking whether the C compiler works
configure:3366: gcc  -I/opt/homebrew/opt/mysql@5.7/include -L/opt/homebrew/opt/mysql@5.7/lib conftest.c  >&5
configure:3370: $? = 0
configure:3420: result: yes
configure:3423: checking for C compiler default output file name
configure:3425: result: a.out
configure:3431: checking for suffix of executables
configure:3438: gcc -o conftest  -I/opt/homebrew/opt/mysql@5.7/include -L/opt/homebrew/opt/mysql@5.7/lib conftest.c  >&5
configure:3442: $? = 0
configure:3465: result: 
configure:3487: checking whether we are cross compiling
configure:3495: gcc -o conftest  -I/opt/homebrew/opt/mysql@5.7/include -L/opt/homebrew/opt/mysql@5.7/lib conftest.c  >&5
configure:3499: $? = 0
configure:3506: ./conftest
configure:3510: $? = 0
configure:3525: result: no
configure:3530: checking for suffix of object files
configure:3553: gcc -c  -I/opt/homebrew/opt/mysql@5.7/include conftest.c >&5
configure:3557: $? = 0
configure:3579: result: o
configure:3583: checking whether the compiler supports GNU C
configure:3603: gcc -c  -I/opt/homebrew/opt/mysql@5.7/include conftest.c >&5
configure:3603: $? = 0
configure:3613: result: yes
configure:3624: checking whether gcc accepts -g
configure:3645: gcc -c -g -I/opt/homebrew/opt/mysql@5.7/include conftest.c >&5
configure:3645: $? = 0
configure:3689: result: yes
configure:3709: checking for gcc option to enable C11 features
configure:3724: gcc  -c  -I/opt/homebrew/opt/mysql@5.7/include conftest.c >&5
configure:3724: $? = 0
configure:3742: result: none needed
configure:3854: checking for existence of /Users/sakamoto.kei/workspace/OpenRule1umPDK_setupEDA/tcl8.6.14/unix/tclConfig.sh
configure:3858: result: loading
configure:3912: checking platform
configure:3930: gcc -c  -I/opt/homebrew/opt/mysql@5.7/include conftest.c >&5
configure:3930: $? = 0
configure:3987: result: unix
configure:4026: --prefix defaulting to TCL_PREFIX /usr/local
configure:4038: --exec-prefix defaulting to TCL_EXEC_PREFIX /usr/local
configure:4113: checking for gcc
configure:4145: result: gcc
configure:4498: checking for C compiler version
configure:4507: gcc --version >&5
Apple clang version 14.0.0 (clang-1400.0.29.202)
Target: arm64-apple-darwin22.6.0
Thread model: posix
InstalledDir: /Applications/Xcode.app/Contents/Developer/Toolchains/XcodeDefault.xctoolchain/usr/bin
configure:4518: $? = 0
configure:4507: gcc -v >&5
Apple clang version 14.0.0 (clang-1400.0.29.202)
Target: arm64-apple-darwin22.6.0
Thread model: posix
InstalledDir: /Applications/Xcode.app/Contents/Developer/Toolchains/XcodeDefault.xctoolchain/usr/bin
configure:4518: $? = 0
configure:4507: gcc -V >&5
clang: error: argument to '-V' is missing (expected 1 value)
clang: error: no input files
configure:4518: $? = 1
configure:4507: gcc -qversion >&5
clang: error: unknown argument '-qversion'; did you mean '--version'?
clang: error: no input files
configure:4518: $? = 1
configure:4507: gcc -version >&5
clang: error: unknown argument '-version'; did you mean '--version'?
clang: error: no input files
configure:4518: $? = 1
configure:4522: checking whether the compiler supports GNU C
configure:4552: result: yes
configure:4563: checking whether gcc accepts -g
configure:4628: result: yes
configure:4648: checking for gcc option to enable C11 features
configure:4681: result: none needed
configure:4796: checking how to run the C preprocessor
configure:4822: gcc -E -I/opt/homebrew/opt/mysql@5.7/include conftest.c
configure:4822: $? = 0
configure:4837: gcc -E -I/opt/homebrew/opt/mysql@5.7/include conftest.c
conftest.c:10:10: fatal error: 'ac_nonexistent.h' file not found
#include <ac_nonexistent.h>
         ^~~~~~~~~~~~~~~~~~
1 error generated.
configure:4837: $? = 1
configure: failed program was:
| /* confdefs.h */
| #define PACKAGE_NAME "sqlite"
| #define PACKAGE_TARNAME "sqlite"
| #define PACKAGE_VERSION "3.44.2"
| #define PACKAGE_STRING "sqlite 3.44.2"
| #define PACKAGE_BUGREPORT ""
| #define PACKAGE_URL ""
| #define BUILD_sqlite /**/
| /* end confdefs.h.  */
| #include <ac_nonexistent.h>
configure:4864: result: gcc -E
configure:4878: gcc -E -I/opt/homebrew/opt/mysql@5.7/include conftest.c
configure:4878: $? = 0
configure:4893: gcc -E -I/opt/homebrew/opt/mysql@5.7/include conftest.c
conftest.c:10:10: fatal error: 'ac_nonexistent.h' file not found
#include <ac_nonexistent.h>
         ^~~~~~~~~~~~~~~~~~
1 error generated.
configure:4893: $? = 1
configure: failed program was:
| /* confdefs.h */
| #define PACKAGE_NAME "sqlite"
| #define PACKAGE_TARNAME "sqlite"
| #define PACKAGE_VERSION "3.44.2"
| #define PACKAGE_STRING "sqlite 3.44.2"
| #define PACKAGE_BUGREPORT ""
| #define PACKAGE_URL ""
| #define BUILD_sqlite /**/
| /* end confdefs.h.  */
| #include <ac_nonexistent.h>
configure:4928: checking whether make sets $(MAKE)
configure:4951: result: yes
configure:5013: checking for ranlib
configure:5034: found /usr/bin/ranlib
configure:5045: result: ranlib
configure:5079: checking for stdio.h
configure:5079: gcc -c  -I/opt/homebrew/opt/mysql@5.7/include conftest.c >&5
configure:5079: $? = 0
configure:5079: result: yes
configure:5079: checking for stdlib.h
configure:5079: gcc -c  -I/opt/homebrew/opt/mysql@5.7/include conftest.c >&5
configure:5079: $? = 0
configure:5079: result: yes
configure:5079: checking for string.h
configure:5079: gcc -c  -I/opt/homebrew/opt/mysql@5.7/include conftest.c >&5
configure:5079: $? = 0
configure:5079: result: yes
configure:5079: checking for inttypes.h
configure:5079: gcc -c  -I/opt/homebrew/opt/mysql@5.7/include conftest.c >&5
configure:5079: $? = 0
configure:5079: result: yes
configure:5079: checking for stdint.h
configure:5079: gcc -c  -I/opt/homebrew/opt/mysql@5.7/include conftest.c >&5
configure:5079: $? = 0
configure:5079: result: yes
configure:5079: checking for strings.h
configure:5079: gcc -c  -I/opt/homebrew/opt/mysql@5.7/include conftest.c >&5
configure:5079: $? = 0
configure:5079: result: yes
configure:5079: checking for sys/stat.h
configure:5079: gcc -c  -I/opt/homebrew/opt/mysql@5.7/include conftest.c >&5
configure:5079: $? = 0
configure:5079: result: yes
configure:5079: checking for sys/types.h
configure:5079: gcc -c  -I/opt/homebrew/opt/mysql@5.7/include conftest.c >&5
configure:5079: $? = 0
configure:5079: result: yes
configure:5079: checking for unistd.h
configure:5079: gcc -c  -I/opt/homebrew/opt/mysql@5.7/include conftest.c >&5
configure:5079: $? = 0
configure:5079: result: yes
configure:5114: checking if the compiler understands -pipe
configure:5133: gcc -c  -pipe -I/opt/homebrew/opt/mysql@5.7/include conftest.c >&5
configure:5133: $? = 0
configure:5142: result: yes
configure:5159: checking whether byte ordering is bigendian
configure:5175: gcc -c  -pipe -I/opt/homebrew/opt/mysql@5.7/include conftest.c >&5
configure:5175: $? = 0
configure:5221: gcc -c  -pipe -I/opt/homebrew/opt/mysql@5.7/include conftest.c >&5
configure:5221: $? = 0
configure:5240: gcc -c  -pipe -I/opt/homebrew/opt/mysql@5.7/include conftest.c >&5
conftest.c:28:4: error: use of undeclared identifier 'not'
                 not big endian
                 ^
1 error generated.
configure:5240: $? = 1
configure: failed program was:
| /* confdefs.h */
| #define PACKAGE_NAME "sqlite"
| #define PACKAGE_TARNAME "sqlite"
| #define PACKAGE_VERSION "3.44.2"
| #define PACKAGE_STRING "sqlite 3.44.2"
| #define PACKAGE_BUGREPORT ""
| #define PACKAGE_URL ""
| #define BUILD_sqlite /**/
| #define HAVE_STDIO_H 1
| #define HAVE_STDLIB_H 1
| #define HAVE_STRING_H 1
| #define HAVE_INTTYPES_H 1
| #define HAVE_STDINT_H 1
| #define HAVE_STRINGS_H 1
| #define HAVE_SYS_STAT_H 1
| #define HAVE_SYS_TYPES_H 1
| #define HAVE_UNISTD_H 1
| #define STDC_HEADERS 1
| #define Tcl_Size int
| /* end confdefs.h.  */
| #include <sys/types.h>
| 		#include <sys/param.h>
| 
| int
| main (void)
| {
| #if BYTE_ORDER != BIG_ENDIAN
| 		 not big endian
| 		#endif
| 
|   ;
|   return 0;
| }
configure:5374: result: no
configure:5714: checking for Tcl public headers
configure:5787: result: /Users/sakamoto.kei/workspace/OpenRule1umPDK_setupEDA/tcl8.6.14/generic
configure:5849: checking for pthread_mutex_init in -lpthread
configure:5872: gcc -o conftest  -pipe -I/opt/homebrew/opt/mysql@5.7/include -L/opt/homebrew/opt/mysql@5.7/lib conftest.c -lpthread   >&5
configure:5872: $? = 0
configure:5882: result: yes
configure:6092: checking for building with threads
configure:6098: result: yes (default)
configure:6149: checking how to build libraries
configure:6185: result: shared
configure:6274: checking for ranlib
configure:6306: result: ranlib
configure:6333: checking if 64bit support is requested
configure:6343: result: no
configure:6348: checking if 64bit Sparc VIS support is requested
configure:6358: result: no
configure:6369: checking if compiler supports visibility "hidden"
configure:6390: gcc -o conftest  -pipe -Werror -I/opt/homebrew/opt/mysql@5.7/include -L/opt/homebrew/opt/mysql@5.7/lib conftest.c  >&5
configure:6390: $? = 0
configure:6400: result: yes
configure:6416: checking if rpath support is requested
configure:6426: result: yes
configure:6433: checking system version
configure:6460: result: Darwin-22.6.0
configure:6546: checking for ar
configure:6567: found /usr/bin/ar
configure:6578: result: ar
configure:7602: checking if ld accepts -single_module flag
configure:7622: gcc -o conftest -pipe  -I/opt/homebrew/opt/mysql@5.7/include  -L/opt/homebrew/opt/mysql@5.7/lib -dynamiclib -Wl,-single_module conftest.c  >&5
configure:7622: $? = 0
configure:7632: result: yes
configure:7645: checking if ld accepts -search_paths_first flag
configure:7665: gcc -o conftest -pipe  -I/opt/homebrew/opt/mysql@5.7/include  -L/opt/homebrew/opt/mysql@5.7/lib -headerpad_max_install_names -Wl,-search_paths_first conftest.c  >&5
configure:7665: $? = 0
configure:7675: result: yes
configure:8308: checking for cast to union support
configure:8328: gcc -c -pipe  -I/opt/homebrew/opt/mysql@5.7/include  conftest.c >&5
configure:8328: $? = 0
configure:8337: result: yes
configure:8345: checking for stdbool.h
configure:8345: gcc -c -pipe  -I/opt/homebrew/opt/mysql@5.7/include  conftest.c >&5
configure:8345: $? = 0
configure:8345: result: yes
configure:8371: checking for required early compiler flags
configure:8390: gcc -c -pipe  -I/opt/homebrew/opt/mysql@5.7/include  conftest.c >&5
configure:8390: $? = 0
configure:8477: result: none
configure:8485: checking for 64-bit integer type
configure:8505: gcc -c -pipe  -I/opt/homebrew/opt/mysql@5.7/include  conftest.c >&5
conftest.c:36:1: error: use of undeclared identifier '__int64'
__int64 value = (__int64) 0;
^
1 error generated.
configure:8505: $? = 1
configure: failed program was:
| /* confdefs.h */
| #define PACKAGE_NAME "sqlite"
| #define PACKAGE_TARNAME "sqlite"
| #define PACKAGE_VERSION "3.44.2"
| #define PACKAGE_STRING "sqlite 3.44.2"
| #define PACKAGE_BUGREPORT ""
| #define PACKAGE_URL ""
| #define BUILD_sqlite /**/
| #define HAVE_STDIO_H 1
| #define HAVE_STDLIB_H 1
| #define HAVE_STRING_H 1
| #define HAVE_INTTYPES_H 1
| #define HAVE_STDINT_H 1
| #define HAVE_STRINGS_H 1
| #define HAVE_SYS_STAT_H 1
| #define HAVE_SYS_TYPES_H 1
| #define HAVE_UNISTD_H 1
| #define STDC_HEADERS 1
| #define Tcl_Size int
| #define USE_THREAD_ALLOC 1
| #define _REENTRANT 1
| #define _THREAD_SAFE 1
| #define TCL_THREADS 1
| #define SQLITE_THREADSAFE 1
| #define USE_TCL_STUBS 1
| #define USE_TCLOO_STUBS 1
| #define MODULE_SCOPE extern __attribute__((__visibility__("hidden")))
| #define HAVE_HIDDEN 1
| #define HAVE_CAST_TO_UNION 1
| #define HAVE_STDBOOL_H 1
| /* end confdefs.h.  */
| 
| int
| main (void)
| {
| __int64 value = (__int64) 0;
|   ;
|   return 0;
| }
configure:8528: gcc -c -pipe  -I/opt/homebrew/opt/mysql@5.7/include  conftest.c >&5
conftest.c:37:26: error: duplicate case value '1'
            case 1: case (sizeof(long long)==sizeof(long)): ;
                         ^
conftest.c:37:18: note: previous case defined here
            case 1: case (sizeof(long long)==sizeof(long)): ;
                 ^
1 error generated.
configure:8528: $? = 1
configure: failed program was:
| /* confdefs.h */
| #define PACKAGE_NAME "sqlite"
| #define PACKAGE_TARNAME "sqlite"
| #define PACKAGE_VERSION "3.44.2"
| #define PACKAGE_STRING "sqlite 3.44.2"
| #define PACKAGE_BUGREPORT ""
| #define PACKAGE_URL ""
| #define BUILD_sqlite /**/
| #define HAVE_STDIO_H 1
| #define HAVE_STDLIB_H 1
| #define HAVE_STRING_H 1
| #define HAVE_INTTYPES_H 1
| #define HAVE_STDINT_H 1
| #define HAVE_STRINGS_H 1
| #define HAVE_SYS_STAT_H 1
| #define HAVE_SYS_TYPES_H 1
| #define HAVE_UNISTD_H 1
| #define STDC_HEADERS 1
| #define Tcl_Size int
| #define USE_THREAD_ALLOC 1
| #define _REENTRANT 1
| #define _THREAD_SAFE 1
| #define TCL_THREADS 1
| #define SQLITE_THREADSAFE 1
| #define USE_TCL_STUBS 1
| #define USE_TCLOO_STUBS 1
| #define MODULE_SCOPE extern __attribute__((__visibility__("hidden")))
| #define HAVE_HIDDEN 1
| #define HAVE_CAST_TO_UNION 1
| #define HAVE_STDBOOL_H 1
| /* end confdefs.h.  */
| 
| int
| main (void)
| {
| switch (0) {
|             case 1: case (sizeof(long long)==sizeof(long)): ;
|         }
|   ;
|   return 0;
| }
configure:8539: result: yes
configure:8793: checking for build with symbols
configure:8806: result: no
configure:8857: checking for malloc.h
configure:8857: gcc -c -pipe  -I/opt/homebrew/opt/mysql@5.7/include  conftest.c >&5
conftest.c:63:10: fatal error: 'malloc.h' file not found
#include <malloc.h>
         ^~~~~~~~~~
1 error generated.
configure:8857: $? = 1
configure: failed program was:
| /* confdefs.h */
| #define PACKAGE_NAME "sqlite"
| #define PACKAGE_TARNAME "sqlite"
| #define PACKAGE_VERSION "3.44.2"
| #define PACKAGE_STRING "sqlite 3.44.2"
| #define PACKAGE_BUGREPORT ""
| #define PACKAGE_URL ""
| #define BUILD_sqlite /**/
| #define HAVE_STDIO_H 1
| #define HAVE_STDLIB_H 1
| #define HAVE_STRING_H 1
| #define HAVE_INTTYPES_H 1
| #define HAVE_STDINT_H 1
| #define HAVE_STRINGS_H 1
| #define HAVE_SYS_STAT_H 1
| #define HAVE_SYS_TYPES_H 1
| #define HAVE_UNISTD_H 1
| #define STDC_HEADERS 1
| #define Tcl_Size int
| #define USE_THREAD_ALLOC 1
| #define _REENTRANT 1
| #define _THREAD_SAFE 1
| #define TCL_THREADS 1
| #define SQLITE_THREADSAFE 1
| #define USE_TCL_STUBS 1
| #define USE_TCLOO_STUBS 1
| #define MODULE_SCOPE extern __attribute__((__visibility__("hidden")))
| #define HAVE_HIDDEN 1
| #define HAVE_CAST_TO_UNION 1
| #define HAVE_STDBOOL_H 1
| #define TCL_WIDE_INT_IS_LONG 1
| #define TCL_CFG_OPTIMIZED 1
| #define USE_TCL_STUBS 1
| /* end confdefs.h.  */
| #include <stddef.h>
| #ifdef HAVE_STDIO_H
| # include <stdio.h>
| #endif
| #ifdef HAVE_STDLIB_H
| # include <stdlib.h>
| #endif
| #ifdef HAVE_STRING_H
| # include <string.h>
| #endif
| #ifdef HAVE_INTTYPES_H
| # include <inttypes.h>
| #endif
| #ifdef HAVE_STDINT_H
| # include <stdint.h>
| #endif
| #ifdef HAVE_STRINGS_H
| # include <strings.h>
| #endif
| #ifdef HAVE_SYS_TYPES_H
| # include <sys/types.h>
| #endif
| #ifdef HAVE_SYS_STAT_H
| # include <sys/stat.h>
| #endif
| #ifdef HAVE_UNISTD_H
| # include <unistd.h>
| #endif
| #include <malloc.h>
configure:8857: result: no
configure:8865: checking for fdatasync
configure:8865: gcc -o conftest -pipe  -I/opt/homebrew/opt/mysql@5.7/include  -L/opt/homebrew/opt/mysql@5.7/lib -headerpad_max_install_names -Wl,-search_paths_first  conftest.c  >&5
configure:8865: $? = 0
configure:8865: result: yes
configure:8871: checking for usleep
configure:8871: gcc -o conftest -pipe  -I/opt/homebrew/opt/mysql@5.7/include  -L/opt/homebrew/opt/mysql@5.7/lib -headerpad_max_install_names -Wl,-search_paths_first  conftest.c  >&5
configure:8871: $? = 0
configure:8871: result: yes
configure:8877: checking for strchrnul
configure:8877: gcc -o conftest -pipe  -I/opt/homebrew/opt/mysql@5.7/include  -L/opt/homebrew/opt/mysql@5.7/lib -headerpad_max_install_names -Wl,-search_paths_first  conftest.c  >&5
Undefined symbols for architecture arm64:
  "_strchrnul", referenced from:
      _main in conftest-f2ac52.o
ld: symbol(s) not found for architecture arm64
clang: error: linker command failed with exit code 1 (use -v to see invocation)
configure:8877: $? = 1
configure: failed program was:
| /* confdefs.h */
| #define PACKAGE_NAME "sqlite"
| #define PACKAGE_TARNAME "sqlite"
| #define PACKAGE_VERSION "3.44.2"
| #define PACKAGE_STRING "sqlite 3.44.2"
| #define PACKAGE_BUGREPORT ""
| #define PACKAGE_URL ""
| #define BUILD_sqlite /**/
| #define HAVE_STDIO_H 1
| #define HAVE_STDLIB_H 1
| #define HAVE_STRING_H 1
| #define HAVE_INTTYPES_H 1
| #define HAVE_STDINT_H 1
| #define HAVE_STRINGS_H 1
| #define HAVE_SYS_STAT_H 1
| #define HAVE_SYS_TYPES_H 1
| #define HAVE_UNISTD_H 1
| #define STDC_HEADERS 1
| #define Tcl_Size int
| #define USE_THREAD_ALLOC 1
| #define _REENTRANT 1
| #define _THREAD_SAFE 1
| #define TCL_THREADS 1
| #define SQLITE_THREADSAFE 1
| #define USE_TCL_STUBS 1
| #define USE_TCLOO_STUBS 1
| #define MODULE_SCOPE extern __attribute__((__visibility__("hidden")))
| #define HAVE_HIDDEN 1
| #define HAVE_CAST_TO_UNION 1
| #define HAVE_STDBOOL_H 1
| #define TCL_WIDE_INT_IS_LONG 1
| #define TCL_CFG_OPTIMIZED 1
| #define USE_TCL_STUBS 1
| #define HAVE_FDATASYNC 1
| #define HAVE_USLEEP 1
| /* end confdefs.h.  */
| /* Define strchrnul to an innocuous variant, in case <limits.h> declares strchrnul.
|    For example, HP-UX 11i <limits.h> declares gettimeofday.  */
| #define strchrnul innocuous_strchrnul
| 
| /* System header to define __stub macros and hopefully few prototypes,
|    which can conflict with char strchrnul (); below.  */
| 
| #include <limits.h>
| #undef strchrnul
| 
| /* Override any GCC internal prototype to avoid an error.
|    Use char because int might match the return type of a GCC
|    builtin and then its argument prototype would still apply.  */
| #ifdef __cplusplus
| extern "C"
| #endif
| char strchrnul ();
| /* The GNU C library defines this for functions which it implements
|     to always fail with ENOSYS.  Some functions are actually named
|     something starting with __ and the normal name is an alias.  */
| #if defined __stub_strchrnul || defined __stub___strchrnul
| choke me
| #endif
| 
| int
| main (void)
| {
| return strchrnul ();
|   ;
|   return 0;
| }
configure:8877: result: no
configure:8883: checking for localtime_r
configure:8883: gcc -o conftest -pipe  -I/opt/homebrew/opt/mysql@5.7/include  -L/opt/homebrew/opt/mysql@5.7/lib -headerpad_max_install_names -Wl,-search_paths_first  conftest.c  >&5
configure:8883: $? = 0
configure:8883: result: yes
configure:8889: checking for gmtime_r
configure:8889: gcc -o conftest -pipe  -I/opt/homebrew/opt/mysql@5.7/include  -L/opt/homebrew/opt/mysql@5.7/lib -headerpad_max_install_names -Wl,-search_paths_first  conftest.c  >&5
configure:8889: $? = 0
configure:8889: result: yes
configure:8895: checking for localtime_s
configure:8895: gcc -o conftest -pipe  -I/opt/homebrew/opt/mysql@5.7/include  -L/opt/homebrew/opt/mysql@5.7/lib -headerpad_max_install_names -Wl,-search_paths_first  conftest.c  >&5
Undefined symbols for architecture arm64:
  "_localtime_s", referenced from:
      _main in conftest-e2c38c.o
ld: symbol(s) not found for architecture arm64
clang: error: linker command failed with exit code 1 (use -v to see invocation)
configure:8895: $? = 1
configure: failed program was:
| /* confdefs.h */
| #define PACKAGE_NAME "sqlite"
| #define PACKAGE_TARNAME "sqlite"
| #define PACKAGE_VERSION "3.44.2"
| #define PACKAGE_STRING "sqlite 3.44.2"
| #define PACKAGE_BUGREPORT ""
| #define PACKAGE_URL ""
| #define BUILD_sqlite /**/
| #define HAVE_STDIO_H 1
| #define HAVE_STDLIB_H 1
| #define HAVE_STRING_H 1
| #define HAVE_INTTYPES_H 1
| #define HAVE_STDINT_H 1
| #define HAVE_STRINGS_H 1
| #define HAVE_SYS_STAT_H 1
| #define HAVE_SYS_TYPES_H 1
| #define HAVE_UNISTD_H 1
| #define STDC_HEADERS 1
| #define Tcl_Size int
| #define USE_THREAD_ALLOC 1
| #define _REENTRANT 1
| #define _THREAD_SAFE 1
| #define TCL_THREADS 1
| #define SQLITE_THREADSAFE 1
| #define USE_TCL_STUBS 1
| #define USE_TCLOO_STUBS 1
| #define MODULE_SCOPE extern __attribute__((__visibility__("hidden")))
| #define HAVE_HIDDEN 1
| #define HAVE_CAST_TO_UNION 1
| #define HAVE_STDBOOL_H 1
| #define TCL_WIDE_INT_IS_LONG 1
| #define TCL_CFG_OPTIMIZED 1
| #define USE_TCL_STUBS 1
| #define HAVE_FDATASYNC 1
| #define HAVE_USLEEP 1
| #define HAVE_LOCALTIME_R 1
| #define HAVE_GMTIME_R 1
| /* end confdefs.h.  */
| /* Define localtime_s to an innocuous variant, in case <limits.h> declares localtime_s.
|    For example, HP-UX 11i <limits.h> declares gettimeofday.  */
| #define localtime_s innocuous_localtime_s
| 
| /* System header to define __stub macros and hopefully few prototypes,
|    which can conflict with char localtime_s (); below.  */
| 
| #include <limits.h>
| #undef localtime_s
| 
| /* Override any GCC internal prototype to avoid an error.
|    Use char because int might match the return type of a GCC
|    builtin and then its argument prototype would still apply.  */
| #ifdef __cplusplus
| extern "C"
| #endif
| char localtime_s ();
| /* The GNU C library defines this for functions which it implements
|     to always fail with ENOSYS.  Some functions are actually named
|     something starting with __ and the normal name is an alias.  */
| #if defined __stub_localtime_s || defined __stub___localtime_s
| choke me
| #endif
| 
| int
| main (void)
| {
| return localtime_s ();
|   ;
|   return 0;
| }
configure:8895: result: no
configure:8901: checking for malloc_usable_size
configure:8901: gcc -o conftest -pipe  -I/opt/homebrew/opt/mysql@5.7/include  -L/opt/homebrew/opt/mysql@5.7/lib -headerpad_max_install_names -Wl,-search_paths_first  conftest.c  >&5
Undefined symbols for architecture arm64:
  "_malloc_usable_size", referenced from:
      _main in conftest-68eb4d.o
ld: symbol(s) not found for architecture arm64
clang: error: linker command failed with exit code 1 (use -v to see invocation)
configure:8901: $? = 1
configure: failed program was:
| /* confdefs.h */
| #define PACKAGE_NAME "sqlite"
| #define PACKAGE_TARNAME "sqlite"
| #define PACKAGE_VERSION "3.44.2"
| #define PACKAGE_STRING "sqlite 3.44.2"
| #define PACKAGE_BUGREPORT ""
| #define PACKAGE_URL ""
| #define BUILD_sqlite /**/
| #define HAVE_STDIO_H 1
| #define HAVE_STDLIB_H 1
| #define HAVE_STRING_H 1
| #define HAVE_INTTYPES_H 1
| #define HAVE_STDINT_H 1
| #define HAVE_STRINGS_H 1
| #define HAVE_SYS_STAT_H 1
| #define HAVE_SYS_TYPES_H 1
| #define HAVE_UNISTD_H 1
| #define STDC_HEADERS 1
| #define Tcl_Size int
| #define USE_THREAD_ALLOC 1
| #define _REENTRANT 1
| #define _THREAD_SAFE 1
| #define TCL_THREADS 1
| #define SQLITE_THREADSAFE 1
| #define USE_TCL_STUBS 1
| #define USE_TCLOO_STUBS 1
| #define MODULE_SCOPE extern __attribute__((__visibility__("hidden")))
| #define HAVE_HIDDEN 1
| #define HAVE_CAST_TO_UNION 1
| #define HAVE_STDBOOL_H 1
| #define TCL_WIDE_INT_IS_LONG 1
| #define TCL_CFG_OPTIMIZED 1
| #define USE_TCL_STUBS 1
| #define HAVE_FDATASYNC 1
| #define HAVE_USLEEP 1
| #define HAVE_LOCALTIME_R 1
| #define HAVE_GMTIME_R 1
| /* end confdefs.h.  */
| /* Define malloc_usable_size to an innocuous variant, in case <limits.h> declares malloc_usable_size.
|    For example, HP-UX 11i <limits.h> declares gettimeofday.  */
| #define malloc_usable_size innocuous_malloc_usable_size
| 
| /* System header to define __stub macros and hopefully few prototypes,
|    which can conflict with char malloc_usable_size (); below.  */
| 
| #include <limits.h>
| #undef malloc_usable_size
| 
| /* Override any GCC internal prototype to avoid an error.
|    Use char because int might match the return type of a GCC
|    builtin and then its argument prototype would still apply.  */
| #ifdef __cplusplus
| extern "C"
| #endif
| char malloc_usable_size ();
| /* The GNU C library defines this for functions which it implements
|     to always fail with ENOSYS.  Some functions are actually named
|     something starting with __ and the normal name is an alias.  */
| #if defined __stub_malloc_usable_size || defined __stub___malloc_usable_size
| choke me
| #endif
| 
| int
| main (void)
| {
| return malloc_usable_size ();
|   ;
|   return 0;
| }
configure:8901: result: no
configure:8907: checking for utime
configure:8907: gcc -o conftest -pipe  -I/opt/homebrew/opt/mysql@5.7/include  -L/opt/homebrew/opt/mysql@5.7/lib -headerpad_max_install_names -Wl,-search_paths_first  conftest.c  >&5
configure:8907: $? = 0
configure:8907: result: yes
configure:8913: checking for flock
configure:8913: gcc -o conftest -pipe  -I/opt/homebrew/opt/mysql@5.7/include  -L/opt/homebrew/opt/mysql@5.7/lib -headerpad_max_install_names -Wl,-search_paths_first  conftest.c  >&5
configure:8913: $? = 0
configure:8913: result: yes
configure:8919: checking for readlink
configure:8919: gcc -o conftest -pipe  -I/opt/homebrew/opt/mysql@5.7/include  -L/opt/homebrew/opt/mysql@5.7/lib -headerpad_max_install_names -Wl,-search_paths_first  conftest.c  >&5
configure:8919: $? = 0
configure:8919: result: yes
configure:8925: checking for lstat
configure:8925: gcc -o conftest -pipe  -I/opt/homebrew/opt/mysql@5.7/include  -L/opt/homebrew/opt/mysql@5.7/lib -headerpad_max_install_names -Wl,-search_paths_first  conftest.c  >&5
configure:8925: $? = 0
configure:8925: result: yes
configure:8931: checking for pread
configure:8931: gcc -o conftest -pipe  -I/opt/homebrew/opt/mysql@5.7/include  -L/opt/homebrew/opt/mysql@5.7/lib -headerpad_max_install_names -Wl,-search_paths_first  conftest.c  >&5
configure:8931: $? = 0
configure:8931: result: yes
configure:8937: checking for pread64
configure:8937: gcc -o conftest -pipe  -I/opt/homebrew/opt/mysql@5.7/include  -L/opt/homebrew/opt/mysql@5.7/lib -headerpad_max_install_names -Wl,-search_paths_first  conftest.c  >&5
Undefined symbols for architecture arm64:
  "_pread64", referenced from:
      _main in conftest-fa340f.o
ld: symbol(s) not found for architecture arm64
clang: error: linker command failed with exit code 1 (use -v to see invocation)
configure:8937: $? = 1
configure: failed program was:
| /* confdefs.h */
| #define PACKAGE_NAME "sqlite"
| #define PACKAGE_TARNAME "sqlite"
| #define PACKAGE_VERSION "3.44.2"
| #define PACKAGE_STRING "sqlite 3.44.2"
| #define PACKAGE_BUGREPORT ""
| #define PACKAGE_URL ""
| #define BUILD_sqlite /**/
| #define HAVE_STDIO_H 1
| #define HAVE_STDLIB_H 1
| #define HAVE_STRING_H 1
| #define HAVE_INTTYPES_H 1
| #define HAVE_STDINT_H 1
| #define HAVE_STRINGS_H 1
| #define HAVE_SYS_STAT_H 1
| #define HAVE_SYS_TYPES_H 1
| #define HAVE_UNISTD_H 1
| #define STDC_HEADERS 1
| #define Tcl_Size int
| #define USE_THREAD_ALLOC 1
| #define _REENTRANT 1
| #define _THREAD_SAFE 1
| #define TCL_THREADS 1
| #define SQLITE_THREADSAFE 1
| #define USE_TCL_STUBS 1
| #define USE_TCLOO_STUBS 1
| #define MODULE_SCOPE extern __attribute__((__visibility__("hidden")))
| #define HAVE_HIDDEN 1
| #define HAVE_CAST_TO_UNION 1
| #define HAVE_STDBOOL_H 1
| #define TCL_WIDE_INT_IS_LONG 1
| #define TCL_CFG_OPTIMIZED 1
| #define USE_TCL_STUBS 1
| #define HAVE_FDATASYNC 1
| #define HAVE_USLEEP 1
| #define HAVE_LOCALTIME_R 1
| #define HAVE_GMTIME_R 1
| #define HAVE_UTIME 1
| #define HAVE_FLOCK 1
| #define HAVE_READLINK 1
| #define HAVE_LSTAT 1
| #define HAVE_PREAD 1
| /* end confdefs.h.  */
| /* Define pread64 to an innocuous variant, in case <limits.h> declares pread64.
|    For example, HP-UX 11i <limits.h> declares gettimeofday.  */
| #define pread64 innocuous_pread64
| 
| /* System header to define __stub macros and hopefully few prototypes,
|    which can conflict with char pread64 (); below.  */
| 
| #include <limits.h>
| #undef pread64
| 
| /* Override any GCC internal prototype to avoid an error.
|    Use char because int might match the return type of a GCC
|    builtin and then its argument prototype would still apply.  */
| #ifdef __cplusplus
| extern "C"
| #endif
| char pread64 ();
| /* The GNU C library defines this for functions which it implements
|     to always fail with ENOSYS.  Some functions are actually named
|     something starting with __ and the normal name is an alias.  */
| #if defined __stub_pread64 || defined __stub___pread64
| choke me
| #endif
| 
| int
| main (void)
| {
| return pread64 ();
|   ;
|   return 0;
| }
configure:8937: result: no
configure:8943: checking for pwrite
configure:8943: gcc -o conftest -pipe  -I/opt/homebrew/opt/mysql@5.7/include  -L/opt/homebrew/opt/mysql@5.7/lib -headerpad_max_install_names -Wl,-search_paths_first  conftest.c  >&5
configure:8943: $? = 0
configure:8943: result: yes
configure:8949: checking for pwrite64
configure:8949: gcc -o conftest -pipe  -I/opt/homebrew/opt/mysql@5.7/include  -L/opt/homebrew/opt/mysql@5.7/lib -headerpad_max_install_names -Wl,-search_paths_first  conftest.c  >&5
Undefined symbols for architecture arm64:
  "_pwrite64", referenced from:
      _main in conftest-5532aa.o
ld: symbol(s) not found for architecture arm64
clang: error: linker command failed with exit code 1 (use -v to see invocation)
configure:8949: $? = 1
configure: failed program was:
| /* confdefs.h */
| #define PACKAGE_NAME "sqlite"
| #define PACKAGE_TARNAME "sqlite"
| #define PACKAGE_VERSION "3.44.2"
| #define PACKAGE_STRING "sqlite 3.44.2"
| #define PACKAGE_BUGREPORT ""
| #define PACKAGE_URL ""
| #define BUILD_sqlite /**/
| #define HAVE_STDIO_H 1
| #define HAVE_STDLIB_H 1
| #define HAVE_STRING_H 1
| #define HAVE_INTTYPES_H 1
| #define HAVE_STDINT_H 1
| #define HAVE_STRINGS_H 1
| #define HAVE_SYS_STAT_H 1
| #define HAVE_SYS_TYPES_H 1
| #define HAVE_UNISTD_H 1
| #define STDC_HEADERS 1
| #define Tcl_Size int
| #define USE_THREAD_ALLOC 1
| #define _REENTRANT 1
| #define _THREAD_SAFE 1
| #define TCL_THREADS 1
| #define SQLITE_THREADSAFE 1
| #define USE_TCL_STUBS 1
| #define USE_TCLOO_STUBS 1
| #define MODULE_SCOPE extern __attribute__((__visibility__("hidden")))
| #define HAVE_HIDDEN 1
| #define HAVE_CAST_TO_UNION 1
| #define HAVE_STDBOOL_H 1
| #define TCL_WIDE_INT_IS_LONG 1
| #define TCL_CFG_OPTIMIZED 1
| #define USE_TCL_STUBS 1
| #define HAVE_FDATASYNC 1
| #define HAVE_USLEEP 1
| #define HAVE_LOCALTIME_R 1
| #define HAVE_GMTIME_R 1
| #define HAVE_UTIME 1
| #define HAVE_FLOCK 1
| #define HAVE_READLINK 1
| #define HAVE_LSTAT 1
| #define HAVE_PREAD 1
| #define HAVE_PWRITE 1
| /* end confdefs.h.  */
| /* Define pwrite64 to an innocuous variant, in case <limits.h> declares pwrite64.
|    For example, HP-UX 11i <limits.h> declares gettimeofday.  */
| #define pwrite64 innocuous_pwrite64
| 
| /* System header to define __stub macros and hopefully few prototypes,
|    which can conflict with char pwrite64 (); below.  */
| 
| #include <limits.h>
| #undef pwrite64
| 
| /* Override any GCC internal prototype to avoid an error.
|    Use char because int might match the return type of a GCC
|    builtin and then its argument prototype would still apply.  */
| #ifdef __cplusplus
| extern "C"
| #endif
| char pwrite64 ();
| /* The GNU C library defines this for functions which it implements
|     to always fail with ENOSYS.  Some functions are actually named
|     something starting with __ and the normal name is an alias.  */
| #if defined __stub_pwrite64 || defined __stub___pwrite64
| choke me
| #endif
| 
| int
| main (void)
| {
| return pwrite64 ();
|   ;
|   return 0;
| }
configure:8949: result: no
configure:8955: checking for rand_s
configure:8955: gcc -o conftest -pipe  -I/opt/homebrew/opt/mysql@5.7/include  -L/opt/homebrew/opt/mysql@5.7/lib -headerpad_max_install_names -Wl,-search_paths_first  conftest.c  >&5
Undefined symbols for architecture arm64:
  "_rand_s", referenced from:
      _main in conftest-639337.o
ld: symbol(s) not found for architecture arm64
clang: error: linker command failed with exit code 1 (use -v to see invocation)
configure:8955: $? = 1
configure: failed program was:
| /* confdefs.h */
| #define PACKAGE_NAME "sqlite"
| #define PACKAGE_TARNAME "sqlite"
| #define PACKAGE_VERSION "3.44.2"
| #define PACKAGE_STRING "sqlite 3.44.2"
| #define PACKAGE_BUGREPORT ""
| #define PACKAGE_URL ""
| #define BUILD_sqlite /**/
| #define HAVE_STDIO_H 1
| #define HAVE_STDLIB_H 1
| #define HAVE_STRING_H 1
| #define HAVE_INTTYPES_H 1
| #define HAVE_STDINT_H 1
| #define HAVE_STRINGS_H 1
| #define HAVE_SYS_STAT_H 1
| #define HAVE_SYS_TYPES_H 1
| #define HAVE_UNISTD_H 1
| #define STDC_HEADERS 1
| #define Tcl_Size int
| #define USE_THREAD_ALLOC 1
| #define _REENTRANT 1
| #define _THREAD_SAFE 1
| #define TCL_THREADS 1
| #define SQLITE_THREADSAFE 1
| #define USE_TCL_STUBS 1
| #define USE_TCLOO_STUBS 1
| #define MODULE_SCOPE extern __attribute__((__visibility__("hidden")))
| #define HAVE_HIDDEN 1
| #define HAVE_CAST_TO_UNION 1
| #define HAVE_STDBOOL_H 1
| #define TCL_WIDE_INT_IS_LONG 1
| #define TCL_CFG_OPTIMIZED 1
| #define USE_TCL_STUBS 1
| #define HAVE_FDATASYNC 1
| #define HAVE_USLEEP 1
| #define HAVE_LOCALTIME_R 1
| #define HAVE_GMTIME_R 1
| #define HAVE_UTIME 1
| #define HAVE_FLOCK 1
| #define HAVE_READLINK 1
| #define HAVE_LSTAT 1
| #define HAVE_PREAD 1
| #define HAVE_PWRITE 1
| /* end confdefs.h.  */
| /* Define rand_s to an innocuous variant, in case <limits.h> declares rand_s.
|    For example, HP-UX 11i <limits.h> declares gettimeofday.  */
| #define rand_s innocuous_rand_s
| 
| /* System header to define __stub macros and hopefully few prototypes,
|    which can conflict with char rand_s (); below.  */
| 
| #include <limits.h>
| #undef rand_s
| 
| /* Override any GCC internal prototype to avoid an error.
|    Use char because int might match the return type of a GCC
|    builtin and then its argument prototype would still apply.  */
| #ifdef __cplusplus
| extern "C"
| #endif
| char rand_s ();
| /* The GNU C library defines this for functions which it implements
|     to always fail with ENOSYS.  Some functions are actually named
|     something starting with __ and the normal name is an alias.  */
| #if defined __stub_rand_s || defined __stub___rand_s
| choke me
| #endif
| 
| int
| main (void)
| {
| return rand_s ();
|   ;
|   return 0;
| }
configure:8955: result: no
configure:8963: checking for gcc options needed to detect all undeclared functions
configure:8985: gcc -c -pipe   -I/opt/homebrew/opt/mysql@5.7/include  conftest.c >&5
conftest.c:49:8: error: implicitly declaring library function 'strchr' with type 'char *(const char *, int)' [-Werror,-Wimplicit-function-declaration]
(void) strchr;
       ^
conftest.c:49:8: note: include the header <string.h> or explicitly provide a declaration for 'strchr'
1 error generated.
configure:8985: $? = 1
configure: failed program was:
| /* confdefs.h */
| #define PACKAGE_NAME "sqlite"
| #define PACKAGE_TARNAME "sqlite"
| #define PACKAGE_VERSION "3.44.2"
| #define PACKAGE_STRING "sqlite 3.44.2"
| #define PACKAGE_BUGREPORT ""
| #define PACKAGE_URL ""
| #define BUILD_sqlite /**/
| #define HAVE_STDIO_H 1
| #define HAVE_STDLIB_H 1
| #define HAVE_STRING_H 1
| #define HAVE_INTTYPES_H 1
| #define HAVE_STDINT_H 1
| #define HAVE_STRINGS_H 1
| #define HAVE_SYS_STAT_H 1
| #define HAVE_SYS_TYPES_H 1
| #define HAVE_UNISTD_H 1
| #define STDC_HEADERS 1
| #define Tcl_Size int
| #define USE_THREAD_ALLOC 1
| #define _REENTRANT 1
| #define _THREAD_SAFE 1
| #define TCL_THREADS 1
| #define SQLITE_THREADSAFE 1
| #define USE_TCL_STUBS 1
| #define USE_TCLOO_STUBS 1
| #define MODULE_SCOPE extern __attribute__((__visibility__("hidden")))
| #define HAVE_HIDDEN 1
| #define HAVE_CAST_TO_UNION 1
| #define HAVE_STDBOOL_H 1
| #define TCL_WIDE_INT_IS_LONG 1
| #define TCL_CFG_OPTIMIZED 1
| #define USE_TCL_STUBS 1
| #define HAVE_FDATASYNC 1
| #define HAVE_USLEEP 1
| #define HAVE_LOCALTIME_R 1
| #define HAVE_GMTIME_R 1
| #define HAVE_UTIME 1
| #define HAVE_FLOCK 1
| #define HAVE_READLINK 1
| #define HAVE_LSTAT 1
| #define HAVE_PREAD 1
| #define HAVE_PWRITE 1
| /* end confdefs.h.  */
| 
| int
| main (void)
| {
| (void) strchr;
|   ;
|   return 0;
| }
configure:9012: gcc -c -pipe   -I/opt/homebrew/opt/mysql@5.7/include  conftest.c >&5
configure:9012: $? = 0
configure:9029: result: none needed
configure:9043: checking whether strerror_r is declared
configure:9043: gcc -c -pipe   -I/opt/homebrew/opt/mysql@5.7/include  conftest.c >&5
configure:9043: $? = 0
configure:9043: result: yes
configure:9062: checking whether strerror_r returns char *
configure:9087: gcc -c -pipe  -I/opt/homebrew/opt/mysql@5.7/include  conftest.c >&5
conftest.c:53:13: error: indirection requires pointer operand ('int' invalid)
          char x = *strerror_r (0, buf, sizeof buf);
                   ^~~~~~~~~~~~~~~~~~~~~~~~~~~~~~~~
conftest.c:54:10: warning: incompatible integer to pointer conversion initializing 'char *' with an expression of type 'int' [-Wint-conversion]
          char *p = strerror_r (0, buf, sizeof buf);
                ^   ~~~~~~~~~~~~~~~~~~~~~~~~~~~~~~~
1 warning and 1 error generated.
configure:9087: $? = 1
configure: failed program was:
| /* confdefs.h */
| #define PACKAGE_NAME "sqlite"
| #define PACKAGE_TARNAME "sqlite"
| #define PACKAGE_VERSION "3.44.2"
| #define PACKAGE_STRING "sqlite 3.44.2"
| #define PACKAGE_BUGREPORT ""
| #define PACKAGE_URL ""
| #define BUILD_sqlite /**/
| #define HAVE_STDIO_H 1
| #define HAVE_STDLIB_H 1
| #define HAVE_STRING_H 1
| #define HAVE_INTTYPES_H 1
| #define HAVE_STDINT_H 1
| #define HAVE_STRINGS_H 1
| #define HAVE_SYS_STAT_H 1
| #define HAVE_SYS_TYPES_H 1
| #define HAVE_UNISTD_H 1
| #define STDC_HEADERS 1
| #define Tcl_Size int
| #define USE_THREAD_ALLOC 1
| #define _REENTRANT 1
| #define _THREAD_SAFE 1
| #define TCL_THREADS 1
| #define SQLITE_THREADSAFE 1
| #define USE_TCL_STUBS 1
| #define USE_TCLOO_STUBS 1
| #define MODULE_SCOPE extern __attribute__((__visibility__("hidden")))
| #define HAVE_HIDDEN 1
| #define HAVE_CAST_TO_UNION 1
| #define HAVE_STDBOOL_H 1
| #define TCL_WIDE_INT_IS_LONG 1
| #define TCL_CFG_OPTIMIZED 1
| #define USE_TCL_STUBS 1
| #define HAVE_FDATASYNC 1
| #define HAVE_USLEEP 1
| #define HAVE_LOCALTIME_R 1
| #define HAVE_GMTIME_R 1
| #define HAVE_UTIME 1
| #define HAVE_FLOCK 1
| #define HAVE_READLINK 1
| #define HAVE_LSTAT 1
| #define HAVE_PREAD 1
| #define HAVE_PWRITE 1
| #define HAVE_DECL_STRERROR_R 1
| #define HAVE_STRERROR_R 1
| /* end confdefs.h.  */
| #include <string.h>
| int
| main (void)
| {
| 
| 	  char buf[100];
| 	  char x = *strerror_r (0, buf, sizeof buf);
| 	  char *p = strerror_r (0, buf, sizeof buf);
| 	  return !p || x;
| 
|   ;
|   return 0;
| }
configure:9096: result: no
configure:9113: checking for grep that handles long lines and -e
configure:9177: result: /usr/bin/grep
configure:9182: checking for egrep
configure:9250: result: /usr/bin/grep -E
configure:9386: checking for tclsh
configure:9421: result: /Users/sakamoto.kei/workspace/OpenRule1umPDK_setupEDA/tcl8.6.14/unix/tclsh
configure:9587: creating ./config.status

## ---------------------- ##
## Running config.status. ##
## ---------------------- ##

This file was extended by sqlite config.status 3.44.2, which was
generated by GNU Autoconf 2.71.  Invocation command line was

  CONFIG_FILES    = 
  CONFIG_HEADERS  = 
  CONFIG_LINKS    = 
  CONFIG_COMMANDS = 
  $ ./config.status 

on mf-0849-mm03

config.status:805: creating Makefile
config.status:805: creating pkgIndex.tcl

## ---------------- ##
## Cache variables. ##
## ---------------- ##

ac_cv_c_bigendian=no
ac_cv_c_compiler_gnu=yes
ac_cv_c_tclconfig=/Users/sakamoto.kei/workspace/OpenRule1umPDK_setupEDA/tcl8.6.14/unix
ac_cv_c_tclh=/Users/sakamoto.kei/workspace/OpenRule1umPDK_setupEDA/tcl8.6.14/generic
ac_cv_c_undeclared_builtin_options='none needed'
ac_cv_env_CC_set=
ac_cv_env_CC_value=
ac_cv_env_CFLAGS_set=
ac_cv_env_CFLAGS_value=
ac_cv_env_CPPFLAGS_set=set
ac_cv_env_CPPFLAGS_value=-I/opt/homebrew/opt/mysql@5.7/include
ac_cv_env_CPP_set=
ac_cv_env_CPP_value=
ac_cv_env_LDFLAGS_set=set
ac_cv_env_LDFLAGS_value=-L/opt/homebrew/opt/mysql@5.7/lib
ac_cv_env_LIBS_set=
ac_cv_env_LIBS_value=
ac_cv_env_build_alias_set=
ac_cv_env_build_alias_value=
ac_cv_env_host_alias_set=
ac_cv_env_host_alias_value=
ac_cv_env_target_alias_set=
ac_cv_env_target_alias_value=
ac_cv_func_fdatasync=yes
ac_cv_func_flock=yes
ac_cv_func_gmtime_r=yes
ac_cv_func_localtime_r=yes
ac_cv_func_localtime_s=no
ac_cv_func_lstat=yes
ac_cv_func_malloc_usable_size=no
ac_cv_func_pread64=no
ac_cv_func_pread=yes
ac_cv_func_pwrite64=no
ac_cv_func_pwrite=yes
ac_cv_func_rand_s=no
ac_cv_func_readlink=yes
ac_cv_func_strchrnul=no
ac_cv_func_strerror_r_char_p=no
ac_cv_func_usleep=yes
ac_cv_func_utime=yes
ac_cv_have_decl_strerror_r=yes
ac_cv_header_inttypes_h=yes
ac_cv_header_malloc_h=no
ac_cv_header_stdbool_h=yes
ac_cv_header_stdint_h=yes
ac_cv_header_stdio_h=yes
ac_cv_header_stdlib_h=yes
ac_cv_header_string_h=yes
ac_cv_header_strings_h=yes
ac_cv_header_sys_stat_h=yes
ac_cv_header_sys_types_h=yes
ac_cv_header_unistd_h=yes
ac_cv_lib_pthread_pthread_mutex_init=yes
ac_cv_objext=o
ac_cv_path_EGREP='/usr/bin/grep -E'
ac_cv_path_GREP=/usr/bin/grep
ac_cv_prog_CPP='gcc -E'
ac_cv_prog_ac_ct_AR=ar
ac_cv_prog_ac_ct_CC=gcc
ac_cv_prog_ac_ct_RANLIB=ranlib
ac_cv_prog_cc_c11=
ac_cv_prog_cc_g=yes
ac_cv_prog_cc_stdc=
ac_cv_prog_make_make_set=yes
tcl_cv_cast_to_union=yes
tcl_cv_cc_pipe=yes
tcl_cv_cc_visibility_hidden=yes
tcl_cv_flag__isoc99_source=no
tcl_cv_ld_search_paths_first=yes
tcl_cv_ld_single_module=yes
tcl_cv_sys_version=Darwin-22.6.0
tcl_cv_type_64bit=none

## ----------------- ##
## Output variables. ##
## ----------------- ##

AR='ar'
CC='gcc'
CFLAGS='-pipe  ${CFLAGS_DEFAULT} ${CFLAGS_WARNING} ${SHLIB_CFLAGS} -I/opt/homebrew/opt/mysql@5.7/include '
CFLAGS_DEBUG='-g'
CFLAGS_DEFAULT='-Os -DNDEBUG'
CFLAGS_OPTIMIZE='-Os'
CFLAGS_WARNING='-Wall'
CLEANFILES=''
CPP='gcc -E'
CPPFLAGS=''
CYGPATH='echo'
DEFS='-DPACKAGE_NAME=\"sqlite\" -DPACKAGE_TARNAME=\"sqlite\" -DPACKAGE_VERSION=\"3.44.2\" -DPACKAGE_STRING=\"sqlite\ 3.44.2\" -DPACKAGE_BUGREPORT=\"\" -DPACKAGE_URL=\"\" -DBUILD_sqlite=/\*\*/ -DHAVE_STDIO_H=1 -DHAVE_STDLIB_H=1 -DHAVE_STRING_H=1 -DHAVE_INTTYPES_H=1 -DHAVE_STDINT_H=1 -DHAVE_STRINGS_H=1 -DHAVE_SYS_STAT_H=1 -DHAVE_SYS_TYPES_H=1 -DHAVE_UNISTD_H=1 -DSTDC_HEADERS=1 -DTcl_Size=int -DUSE_THREAD_ALLOC=1 -D_REENTRANT=1 -D_THREAD_SAFE=1 -DTCL_THREADS=1 -DSQLITE_THREADSAFE=1 -DUSE_TCL_STUBS=1 -DUSE_TCLOO_STUBS=1 -DMODULE_SCOPE=extern\ __attribute__\(\(__visibility__\(\"hidden\"\)\)\) -DHAVE_HIDDEN=1 -DHAVE_CAST_TO_UNION=1 -DHAVE_STDBOOL_H=1 -DTCL_WIDE_INT_IS_LONG=1 -DTCL_CFG_OPTIMIZED=1 -DUSE_TCL_STUBS=1 -DHAVE_FDATASYNC=1 -DHAVE_USLEEP=1 -DHAVE_LOCALTIME_R=1 -DHAVE_GMTIME_R=1 -DHAVE_UTIME=1 -DHAVE_FLOCK=1 -DHAVE_READLINK=1 -DHAVE_LSTAT=1 -DHAVE_PREAD=1 -DHAVE_PWRITE=1 -DHAVE_DECL_STRERROR_R=1 -DHAVE_STRERROR_R=1 -DTCL_MAJOR_VERSION=8'
ECHO_C='\c'
ECHO_N=''
ECHO_T=''
EGREP='/usr/bin/grep -E'
EXEEXT=''
GREP='/usr/bin/grep'
INSTALL='$(SHELL) $(srcdir)/tclconfig/install-sh -c'
INSTALL_DATA='${INSTALL} -m 644'
INSTALL_DATA_DIR='${INSTALL} -d -m 755'
INSTALL_LIBRARY='${INSTALL} -m 644'
INSTALL_PROGRAM='${INSTALL} -m 755'
INSTALL_SCRIPT='${INSTALL} -m 755'
LDFLAGS='-L/opt/homebrew/opt/mysql@5.7/lib -headerpad_max_install_names -Wl,-search_paths_first '
LDFLAGS_DEBUG=''
LDFLAGS_DEFAULT=''
LDFLAGS_OPTIMIZE=''
LD_LIBRARY_PATH_VAR='DYLD_LIBRARY_PATH'
LIBOBJS=''
LIBS=''
LTLIBOBJS=''
MAKE_LIB='${SHLIB_LD} ${LDFLAGS} ${LDFLAGS_DEFAULT} -o $@ $(PKG_OBJECTS) ${SHLIB_LD_LIBS} '
MAKE_SHARED_LIB='${SHLIB_LD} ${LDFLAGS} ${LDFLAGS_DEFAULT} -o $@ $(PKG_OBJECTS) ${SHLIB_LD_LIBS}'
MAKE_STATIC_LIB='${STLIB_LD} $@ $(PKG_OBJECTS)'
MAKE_STUB_LIB='${STLIB_LD} $@ $(PKG_STUB_OBJECTS)'
OBJEXT='o'
PACKAGE_BUGREPORT=''
PACKAGE_NAME='sqlite'
PACKAGE_STRING='sqlite 3.44.2'
PACKAGE_TARNAME='sqlite'
PACKAGE_URL=''
PACKAGE_VERSION='3.44.2'
PATH_SEPARATOR=':'
PKG_CFLAGS=' -DSQLITE_ENABLE_DBPAGE_VTAB=1 -DSQLITE_ENABLE_DBSTAT_VTAB=1 -DSQLITE_ENABLE_FTS3_PARENTHESIS=1 -DSQLITE_ENABLE_FTS4=1 -DSQLITE_ENABLE_FTS5=1 -DSQLITE_ENABLE_COLUMN_METADATA=1 -DSQLITE_ENABLE_JSON1=1 -DSQLITE_3_SUFFIX_ONLY=1 -DSQLITE_ENABLE_RTREE=1 -DSQLITE_ENABLE_GEOPOLY=1 -DSQLITE_ENABLE_STAT4=1 -DSQLITE_ENABLE_UPDATE_DELETE_LIMIT=1 -DSQLITE_ENABLE_MATH_FUNCTIONS=1 -DSQLITE_ENABLE_DESERIALIZE=1 -DSQLITE_ENABLE_DBPAGE_VTAB=1 -DSQLITE_ENABLE_BYTECODE_VTAB=1 -DSQLITE_ENABLE_DBSTAT_VTAB=1 -DSQLITE_LIKE_DOESNT_MATCH_BLOBS=1 -DSQLITE_UNTESTABLE=1 -DSQLITE_OMIT_DEPRECATED=1 -DSQLITE_OMIT_LOOKASIDE=1 -DSQLITE_SECURE_DELETE=1 -DSQLITE_SOUNDEX=1 -DSQLITE_USE_ALLOCA=1 -DSQLITE_WIN32_NO_ANSI=1 -DSQLITE_WIN32_GETVERSIONEX=0 -DSQLITE_API=MODULE_SCOPE'
PKG_HEADERS=''
PKG_INCLUDES=' -I"/Users/sakamoto.kei/workspace/OpenRule1umPDK_setupEDA/tcl8.6.14/pkgs/sqlite3.44.2/generic"'
PKG_LIBS=' -lpthread'
PKG_LIB_FILE8='libsqlite3.44.2.dylib'
PKG_LIB_FILE9='libtcl9sqlite3.44.2.dylib'
PKG_LIB_FILE='libsqlite3.44.2.dylib'
PKG_OBJECTS=' tclsqlite3.o'
PKG_SOURCES=' tclsqlite3.c'
PKG_STUB_LIB_FILE='libsqlitestub3.44.2.a'
PKG_STUB_OBJECTS=''
PKG_STUB_SOURCES=''
PKG_TCL_SOURCES=''
RANLIB=':'
RANLIB_STUB='ranlib'
RC=''
SET_MAKE=''
SHARED_BUILD='1'
SHELL='/bin/sh'
SHLIB_CFLAGS='-fno-common'
SHLIB_LD='${CC} -dynamiclib ${CFLAGS} ${LDFLAGS_DEFAULT} -Wl,-single_module -current_version 3.44.2 -compatibility_version 3.44.2'
SHLIB_LD_LIBS='${LIBS} -L/Users/sakamoto.kei/workspace/OpenRule1umPDK_setupEDA/tcl8.6.14/unix -ltclstub8.6'
STLIB_LD='${AR} cr'
STUBS_BUILD='1'
TCLSH_PROG='/Users/sakamoto.kei/workspace/OpenRule1umPDK_setupEDA/tcl8.6.14/unix/tclsh'
TCL_BIN_DIR='/Users/sakamoto.kei/workspace/OpenRule1umPDK_setupEDA/tcl8.6.14/unix'
TCL_DEFS='-DPACKAGE_NAME=\"tcl\" -DPACKAGE_TARNAME=\"tcl\" -DPACKAGE_VERSION=\"8.6\" -DPACKAGE_STRING=\"tcl\ 8.6\" -DPACKAGE_BUGREPORT=\"\" -DSTDC_HEADERS=1 -DHAVE_SYS_TYPES_H=1 -DHAVE_SYS_STAT_H=1 -DHAVE_STDLIB_H=1 -DHAVE_STRING_H=1 -DHAVE_MEMORY_H=1 -DHAVE_STRINGS_H=1 -DHAVE_INTTYPES_H=1 -DHAVE_STDINT_H=1 -DHAVE_UNISTD_H=1 -DNO_VALUES_H=1 -DHAVE_SYS_PARAM_H=1 -DUSE_THREAD_ALLOC=1 -D_REENTRANT=1 -D_THREAD_SAFE=1 -DHAVE_PTHREAD_ATTR_SETSTACKSIZE=1 -DHAVE_PTHREAD_ATFORK=1 -DTCL_THREADS=1 -DTCL_CFGVAL_ENCODING=\"iso8859-1\" -DHAVE_ZLIB=1 -DMODULE_SCOPE=extern\ __attribute__\(\(__visibility__\(\"hidden\"\)\)\) -DHAVE_HIDDEN=1 -DMAC_OSX_TCL=1 -DHAVE_COREFOUNDATION=1 -DHAVE_CAST_TO_UNION=1 -DHAVE_VFORK=1 -DHAVE_POSIX_SPAWNP=1 -DHAVE_POSIX_SPAWN_FILE_ACTIONS_ADDDUP2=1 -DHAVE_POSIX_SPAWNATTR_SETFLAGS=1 -DTCL_SHLIB_EXT=\".dylib\" -DNDEBUG=1 -DTCL_CFG_OPTIMIZED=1 -DTCL_TOMMATH=1 -DMP_PREC=4 -DTCL_WIDE_INT_IS_LONG=1 -DHAVE_GETCWD=1 -DHAVE_MKSTEMP=1 -DHAVE_OPENDIR=1 -DHAVE_STRTOL=1 -DHAVE_WAITPID=1 -DHAVE_GETNAMEINFO=1 -DHAVE_GETADDRINFO=1 -DHAVE_FREEADDRINFO=1 -DHAVE_GAI_STRERROR=1 -DHAVE_STRUCT_ADDRINFO=1 -DHAVE_STRUCT_IN6_ADDR=1 -DHAVE_STRUCT_SOCKADDR_IN6=1 -DHAVE_STRUCT_SOCKADDR_STORAGE=1 -DHAVE_GETPWUID_R_5=1 -DHAVE_GETPWUID_R=1 -DHAVE_GETPWNAM_R_5=1 -DHAVE_GETPWNAM_R=1 -DHAVE_GETGRGID_R_5=1 -DHAVE_GETGRGID_R=1 -DHAVE_GETGRNAM_R_5=1 -DHAVE_GETGRNAM_R=1 -DHAVE_MTSAFE_GETHOSTBYNAME=1 -DHAVE_MTSAFE_GETHOSTBYADDR=1 -DHAVE_TERMIOS_H=1 -DHAVE_SYS_IOCTL_H=1 -DHAVE_SYS_TIME_H=1 -DTIME_WITH_SYS_TIME=1 -DHAVE_GMTIME_R=1 -DHAVE_LOCALTIME_R=1 -DHAVE_MKTIME=1 -DHAVE_TM_GMTOFF=1 -DHAVE_TIMEZONE_VAR=1 -DHAVE_STRUCT_STAT_ST_BLOCKS=1 -DHAVE_STRUCT_STAT_ST_BLKSIZE=1 -DHAVE_BLKCNT_T=1 -DHAVE_INTPTR_T=1 -DHAVE_UINTPTR_T=1 -DHAVE_SIGNED_CHAR=1 -DHAVE_LANGINFO=1 -DHAVE_CHFLAGS=1 -DHAVE_MKSTEMPS=1 -DHAVE_GETATTRLIST=1 -DHAVE_COPYFILE_H=1 -DHAVE_COPYFILE=1 -DHAVE_LIBKERN_OSATOMIC_H=1 -DHAVE_OSSPINLOCKLOCK=1 -DTCL_DEFAULT_ENCODING=\"utf-8\" -DTCL_LOAD_FROM_MEMORY=1 -DTCL_WIDE_CLICKS=1 -DHAVE_AVAILABILITYMACROS_H=1 -DHAVE_WEAK_IMPORT=1 -D_DARWIN_C_SOURCE=1 -DHAVE_FTS=1 -DHAVE_SYS_IOCTL_H=1 -DHAVE_SYS_FILIO_H=1 -DTCL_UNLOAD_DLLS=1 '
TCL_EXTRA_CFLAGS='-pipe  -I/opt/homebrew/opt/mysql@5.7/include '
TCL_INCLUDES='-I"/Users/sakamoto.kei/workspace/OpenRule1umPDK_setupEDA/tcl8.6.14/generic"'
TCL_LD_FLAGS='-L/opt/homebrew/opt/mysql@5.7/lib -headerpad_max_install_names -Wl,-search_paths_first '
TCL_LIBS=' -lz  -lpthread -framework CoreFoundation '
TCL_LIB_FILE='libtcl8.6.dylib'
TCL_LIB_FLAG='-ltcl8.6'
TCL_LIB_SPEC='-L/Users/sakamoto.kei/workspace/OpenRule1umPDK_setupEDA/tcl8.6.14/unix -ltcl8.6'
TCL_PATCH_LEVEL='.14'
TCL_SHLIB_LD_LIBS='${LIBS}'
TCL_SRC_DIR='/Users/sakamoto.kei/workspace/OpenRule1umPDK_setupEDA/tcl8.6.14'
TCL_STUB_LIB_FILE='libtclstub8.6.a'
TCL_STUB_LIB_FLAG='-ltclstub8.6'
TCL_STUB_LIB_SPEC='-L/Users/sakamoto.kei/workspace/OpenRule1umPDK_setupEDA/tcl8.6.14/unix -ltclstub8.6'
TCL_THREADS='1'
TCL_VERSION='8.6'
VC_MANIFEST_EMBED_DLL=''
VC_MANIFEST_EMBED_EXE=''
ac_ct_CC='gcc'
bindir='${exec_prefix}/bin'
build_alias=''
datadir='${datarootdir}'
datarootdir='${prefix}/share'
docdir='${datarootdir}/doc/${PACKAGE_TARNAME}'
dvidir='${docdir}'
exec_prefix='/usr/local'
host_alias=''
htmldir='${docdir}'
includedir='${prefix}/include'
infodir='${datarootdir}/info'
libdir='/usr/local/lib'
libexecdir='${exec_prefix}/libexec'
localedir='${datarootdir}/locale'
localstatedir='${prefix}/var'
mandir='${datarootdir}/man'
oldincludedir='/usr/include'
pdfdir='${docdir}'
prefix='/usr/local'
program_transform_name='s,x,x,'
psdir='${docdir}'
runstatedir='${localstatedir}/run'
sbindir='${exec_prefix}/sbin'
sharedstatedir='${prefix}/com'
sysconfdir='${prefix}/etc'
target_alias=''

## ----------- ##
## confdefs.h. ##
## ----------- ##

/* confdefs.h */
#define PACKAGE_NAME "sqlite"
#define PACKAGE_TARNAME "sqlite"
#define PACKAGE_VERSION "3.44.2"
#define PACKAGE_STRING "sqlite 3.44.2"
#define PACKAGE_BUGREPORT ""
#define PACKAGE_URL ""
#define BUILD_sqlite /**/
#define HAVE_STDIO_H 1
#define HAVE_STDLIB_H 1
#define HAVE_STRING_H 1
#define HAVE_INTTYPES_H 1
#define HAVE_STDINT_H 1
#define HAVE_STRINGS_H 1
#define HAVE_SYS_STAT_H 1
#define HAVE_SYS_TYPES_H 1
#define HAVE_UNISTD_H 1
#define STDC_HEADERS 1
#define Tcl_Size int
#define USE_THREAD_ALLOC 1
#define _REENTRANT 1
#define _THREAD_SAFE 1
#define TCL_THREADS 1
#define SQLITE_THREADSAFE 1
#define USE_TCL_STUBS 1
#define USE_TCLOO_STUBS 1
#define MODULE_SCOPE extern __attribute__((__visibility__("hidden")))
#define HAVE_HIDDEN 1
#define HAVE_CAST_TO_UNION 1
#define HAVE_STDBOOL_H 1
#define TCL_WIDE_INT_IS_LONG 1
#define TCL_CFG_OPTIMIZED 1
#define USE_TCL_STUBS 1
#define HAVE_FDATASYNC 1
#define HAVE_USLEEP 1
#define HAVE_LOCALTIME_R 1
#define HAVE_GMTIME_R 1
#define HAVE_UTIME 1
#define HAVE_FLOCK 1
#define HAVE_READLINK 1
#define HAVE_LSTAT 1
#define HAVE_PREAD 1
#define HAVE_PWRITE 1
#define HAVE_DECL_STRERROR_R 1
#define HAVE_STRERROR_R 1
#define TCL_MAJOR_VERSION 8

configure: exit 0
